<?xml version="1.0" encoding="UTF-8"?>
<testsuite name="net.peercraft.rendezvous.RendezvousProtocolTest" tests="9" skipped="0" failures="0" errors="0" timestamp="2026-08-18T18:41:16.620Z" hostname="cachyos-x8664" time="0.062">
  <properties/>
  <testcase name="roomCreatedRoundTrip()" classname="net.peercraft.rendezvous.RendezvousProtocolTest" time="0.031"/>
  <testcase name="joinRoundTrip()" classname="net.peercraft.rendezvous.RendezvousProtocolTest" time="0.002"/>
  <testcase name="fixedEncodingMatchesModCopy()" classname="net.peercraft.rendezvous.RendezvousProtocolTest" time="0.001"/>
  <testcase name="joinFailRoundTrip()" classname="net.peercraft.rendezvous.RendezvousProtocolTest" time="0.001"/>
  <testcase name="messageTypeRejectsTooShort()" classname="net.peercraft.rendezvous.RendezvousProtocolTest" time="0.001"/>
  <testcase name="messageTypeRejectsWrongMagic()" classname="net.peercraft.rendezvous.RendezvousProtocolTest" time="0.001"/>
  <testcase name="punchAndPunchAckRoundTrip()" classname="net.peercraft.rendezvous.RendezvousProtocolTest" time="0.002"/>
  <testcase name="registerRoundTrip()" classname="net.peercraft.rendezvous.RendezvousProtocolTest" time="0.001"/>
  <testcase name="peerFoundRoundTrip()" classname="net.peercraft.rendezvous.RendezvousProtocolTest" time="0.001"/>
  <system-out><![CDATA[]]></system-out>
  <system-err><![CDATA[]]></system-err>
</testsuite>
