<?xml version="1.0" encoding="UTF-8"?>
<testsuite name="net.peercraft.rendezvous.RateLimiterTest" tests="3" skipped="0" failures="0" errors="0" timestamp="2026-08-20T11:19:52.520Z" hostname="cachyos-x8664" time="0.004">
  <properties/>
  <testcase name="allowsCallsUpToTheLimitWithinTheWindow()" classname="net.peercraft.rendezvous.RateLimiterTest" time="0.001"/>
  <testcase name="expiredTimestampsFallOutOfTheWindowAndFreeUpCapacityAgain()" classname="net.peercraft.rendezvous.RateLimiterTest" time="0.001"/>
  <testcase name="tracksEachKeyIndependently()" classname="net.peercraft.rendezvous.RateLimiterTest" time="0.001"/>
  <system-out><![CDATA[]]></system-out>
  <system-err><![CDATA[]]></system-err>
</testsuite>
