<?xml version="1.0" encoding="UTF-8"?>
<testsuite name="net.peercraft.rendezvous.account.SessionRegistryTest" tests="7" skipped="0" failures="0" errors="0" timestamp="2026-08-20T11:19:53.994Z" hostname="cachyos-x8664" time="0.006">
  <properties/>
  <testcase name="sweepExpiredRemovesOnlyStaleEntries()" classname="net.peercraft.rendezvous.account.SessionRegistryTest" time="0.001"/>
  <testcase name="invalidateRemovesTheTokenImmediately()" classname="net.peercraft.rendezvous.account.SessionRegistryTest" time="0.001"/>
  <testcase name="twoIssuedTokensAreDistinctAndBothValidateIndependently()" classname="net.peercraft.rendezvous.account.SessionRegistryTest" time="0.001"/>
  <testcase name="issuedTokenValidatesToTheIssuingAccount()" classname="net.peercraft.rendezvous.account.SessionRegistryTest" time="0.0"/>
  <testcase name="validatingBeforeExpiryExtendsTheTtlSlidingWindow()" classname="net.peercraft.rendezvous.account.SessionRegistryTest" time="0.0"/>
  <testcase name="unknownTokenDoesNotValidate()" classname="net.peercraft.rendezvous.account.SessionRegistryTest" time="0.0"/>
  <testcase name="tokenExpiresAfterTtlOfInactivity()" classname="net.peercraft.rendezvous.account.SessionRegistryTest" time="0.001"/>
  <system-out><![CDATA[]]></system-out>
  <system-err><![CDATA[]]></system-err>
</testsuite>
