<?xml version="1.0" encoding="UTF-8"?>
<testsuite name="net.peercraft.rendezvous.account.PasswordHasherTest" tests="8" skipped="0" failures="0" errors="0" timestamp="2026-08-20T11:19:53.311Z" hostname="cachyos-x8664" time="0.675">
  <properties/>
  <testcase name="hmacChallengeMatchesWhenBothSidesUseTheSameStoredHash()" classname="net.peercraft.rendezvous.account.PasswordHasherTest" time="0.058"/>
  <testcase name="pinnedTestVectorMatchesModCopy()" classname="net.peercraft.rendezvous.account.PasswordHasherTest" time="0.052"/>
  <testcase name="wrongPasswordProducesAHashThatFailsTheChallenge()" classname="net.peercraft.rendezvous.account.PasswordHasherTest" time="0.104"/>
  <testcase name="differentSaltsProduceDifferentHashesForSamePassword()" classname="net.peercraft.rendezvous.account.PasswordHasherTest" time="0.101"/>
  <testcase name="clientCanRederiveTheSameHashFromPasswordAndSaltAloneOnANewDevice()" classname="net.peercraft.rendezvous.account.PasswordHasherTest" time="0.101"/>
  <testcase name="differentPasswordsProduceDifferentHashesForSameSalt()" classname="net.peercraft.rendezvous.account.PasswordHasherTest" time="0.107"/>
  <testcase name="hmacChallengeDiffersForDifferentChallenges()" classname="net.peercraft.rendezvous.account.PasswordHasherTest" time="0.05"/>
  <testcase name="hashIsDeterministicForSamePasswordAndSalt()" classname="net.peercraft.rendezvous.account.PasswordHasherTest" time="0.099"/>
  <system-out><![CDATA[]]></system-out>
  <system-err><![CDATA[]]></system-err>
</testsuite>
